<?xml version="1.0" encoding="UTF-8"?>
<!-- Generated by org.testng.reporters.JUnitXMLReporter -->
<testsuite hostname="DESKTOP-39JPCDP" name="Default test" tests="3" failures="0" timestamp="5 Jan 2016 09:56:56 GMT" time="28.571" errors="0">
  <testcase name="LaunchBrowser" time="15.97" classname="dependentTestPack.DependencyTest"/>
  <testcase name="SignIn" time="9.538" classname="dependentTestPack.DependencyTest"/>
  <testcase name="LogOut" time="3.043" classname="dependentTestPack.DependencyTest"/>
</testsuite> <!-- Default test -->
